<?xml version="1.0" encoding="UTF-8"?>
<!-- Generated by org.testng.reporters.JUnitReportReporter -->
<testsuite hostname="ATMECSINDT-080" failures="0" tests="2" name="com.atmecs.konakart.testscripts.ValidateHomePage" time="19.066" errors="0" timestamp="04 Oct 2019 14:07:41 GMT" skipped="0">
  <testcase classname="com.atmecs.konakart.testscripts.ValidateHomePage" name="setup" time="17.172"/>
  <testcase classname="com.atmecs.konakart.testscripts.ValidateHomePage" name="validateTabs" time="1.894"/>
</testsuite> <!-- com.atmecs.konakart.testscripts.ValidateHomePage -->
