<?xml version="1.0" encoding="UTF-8"?>
<!-- Generated by org.testng.reporters.JUnitReportReporter -->
<testsuite hostname="ATMECSINDT-080" failures="0" tests="6" name="com.atmecs.konakart.testscripts.HeroImagePage" time="24.834" errors="0" timestamp="04 Oct 2019 14:30:54 GMT" skipped="0">
  <testcase classname="com.atmecs.konakart.testscripts.HeroImagePage" name="setup" time="15.787"/>
  <testcase classname="com.atmecs.konakart.testscripts.HeroImagePage" name="clickOnHeroImage" time="4.051"/>
  <testcase classname="com.atmecs.konakart.testscripts.HeroImagePage" name="navigateTabs" time="0.142"/>
  <testcase classname="com.atmecs.konakart.testscripts.HeroImagePage" name="validateContent" time="0.125"/>
  <testcase classname="com.atmecs.konakart.testscripts.HeroImagePage" name="validateSortByNumber" time="2.097"/>
  <testcase classname="com.atmecs.konakart.testscripts.HeroImagePage" name="validateSortByActions" time="2.632"/>
</testsuite> <!-- com.atmecs.konakart.testscripts.HeroImagePage -->
